<?xml version="1.0" encoding="utf-8"?><testsuites name="pytest tests"><testsuite name="pytest" errors="0" failures="1" skipped="0" tests="28" time="8.060" timestamp="2026-03-16T11:25:49.760331+00:00" hostname="agent-env-960f8877-9ec6-42a2-b412-3dd3e70eb2ea"><testcase classname="tests.test_lms_api.TestHealthAndBasics" name="test_health_check" time="0.237" /><testcase classname="tests.test_lms_api.TestHealthAndBasics" name="test_api_root" time="0.124" /><testcase classname="tests.test_lms_api.TestAuthentication" name="test_login_instructor_success" time="0.349" /><testcase classname="tests.test_lms_api.TestAuthentication" name="test_login_admin_success" time="0.325" /><testcase classname="tests.test_lms_api.TestAuthentication" name="test_login_invalid_credentials" time="0.100" /><testcase classname="tests.test_lms_api.TestAuthentication" name="test_get_me_without_token" time="0.101" /><testcase classname="tests.test_lms_api.TestAuthentication" name="test_get_me_with_token" time="0.436" /><testcase classname="tests.test_lms_api.TestUserRegistration" name="test_register_new_user" time="0.322" /><testcase classname="tests.test_lms_api.TestUserRegistration" name="test_register_duplicate_username" time="0.427" /><testcase classname="tests.test_lms_api.TestUserManagement" name="test_get_all_users_as_admin" time="0.445" /><testcase classname="tests.test_lms_api.TestUserManagement" name="test_get_pending_users" time="0.429" /><testcase classname="tests.test_lms_api.TestUserManagement" name="test_get_users_without_auth" time="0.117" /><testcase classname="tests.test_lms_api.TestUserManagement" name="test_approve_user_flow" time="0.774" /><testcase classname="tests.test_lms_api.TestCourses" name="test_get_all_courses" time="0.095" /><testcase classname="tests.test_lms_api.TestCourses" name="test_get_course_by_slug" time="0.107" /><testcase classname="tests.test_lms_api.TestCourses" name="test_get_course_topics" time="0.100" /><testcase classname="tests.test_lms_api.TestQuizzes" name="test_get_published_quizzes" time="0.098" /><testcase classname="tests.test_lms_api.TestQuizzes" name="test_get_managed_quizzes_as_instructor" time="0.424" /><testcase classname="tests.test_lms_api.TestQuizzes" name="test_create_quiz_as_instructor" time="0.580" /><testcase classname="tests.test_lms_api.TestQuizzes" name="test_create_quiz_without_auth" time="0.103" /><testcase classname="tests.test_lms_api.TestForums" name="test_get_forums" time="0.110" /><testcase classname="tests.test_lms_api.TestForums" name="test_create_forum_as_instructor" time="0.534" /><testcase classname="tests.test_lms_api.TestForums" name="test_create_post_without_auth" time="0.107" /><testcase classname="tests.test_lms_api.TestNotifications" name="test_get_notifications_with_auth" time="0.416" /><testcase classname="tests.test_lms_api.TestNotifications" name="test_get_notifications_without_auth" time="0.099" /><testcase classname="tests.test_lms_api.TestNotifications" name="test_get_unread_count" time="0.446" /><testcase classname="tests.test_lms_api.TestAnnouncements" name="test_get_announcements" time="0.100"><failure message="assert 500 == 200&#10; +  where 500 = &lt;Response [500]&gt;.status_code">tests/test_lms_api.py:334: in test_get_announcements
    assert response.status_code == 200
E   assert 500 == 200
E    +  where 500 = &lt;Response [500]&gt;.status_code</failure></testcase><testcase classname="tests.test_lms_api.TestAnnouncements" name="test_create_announcement_as_instructor" time="0.453" /></testsuite></testsuites>