<?xml version="1.0" encoding="utf-8"?><testsuites name="pytest tests"><testsuite name="pytest" errors="0" failures="0" skipped="0" tests="28" time="8.213" timestamp="2026-03-16T11:27:16.747402+00:00" hostname="agent-env-960f8877-9ec6-42a2-b412-3dd3e70eb2ea"><testcase classname="tests.test_lms_api.TestHealthAndBasics" name="test_health_check" time="0.209" /><testcase classname="tests.test_lms_api.TestHealthAndBasics" name="test_api_root" time="0.128" /><testcase classname="tests.test_lms_api.TestAuthentication" name="test_login_instructor_success" time="0.359" /><testcase classname="tests.test_lms_api.TestAuthentication" name="test_login_admin_success" time="0.339" /><testcase classname="tests.test_lms_api.TestAuthentication" name="test_login_invalid_credentials" time="0.111" /><testcase classname="tests.test_lms_api.TestAuthentication" name="test_get_me_without_token" time="0.107" /><testcase classname="tests.test_lms_api.TestAuthentication" name="test_get_me_with_token" time="0.434" /><testcase classname="tests.test_lms_api.TestUserRegistration" name="test_register_new_user" time="0.373" /><testcase classname="tests.test_lms_api.TestUserRegistration" name="test_register_duplicate_username" time="0.449" /><testcase classname="tests.test_lms_api.TestUserManagement" name="test_get_all_users_as_admin" time="0.447" /><testcase classname="tests.test_lms_api.TestUserManagement" name="test_get_pending_users" time="0.427" /><testcase classname="tests.test_lms_api.TestUserManagement" name="test_get_users_without_auth" time="0.105" /><testcase classname="tests.test_lms_api.TestUserManagement" name="test_approve_user_flow" time="0.765" /><testcase classname="tests.test_lms_api.TestCourses" name="test_get_all_courses" time="0.115" /><testcase classname="tests.test_lms_api.TestCourses" name="test_get_course_by_slug" time="0.117" /><testcase classname="tests.test_lms_api.TestCourses" name="test_get_course_topics" time="0.110" /><testcase classname="tests.test_lms_api.TestQuizzes" name="test_get_published_quizzes" time="0.118" /><testcase classname="tests.test_lms_api.TestQuizzes" name="test_get_managed_quizzes_as_instructor" time="0.465" /><testcase classname="tests.test_lms_api.TestQuizzes" name="test_create_quiz_as_instructor" time="0.583" /><testcase classname="tests.test_lms_api.TestQuizzes" name="test_create_quiz_without_auth" time="0.099" /><testcase classname="tests.test_lms_api.TestForums" name="test_get_forums" time="0.113" /><testcase classname="tests.test_lms_api.TestForums" name="test_create_forum_as_instructor" time="0.530" /><testcase classname="tests.test_lms_api.TestForums" name="test_create_post_without_auth" time="0.107" /><testcase classname="tests.test_lms_api.TestNotifications" name="test_get_notifications_with_auth" time="0.478" /><testcase classname="tests.test_lms_api.TestNotifications" name="test_get_notifications_without_auth" time="0.108" /><testcase classname="tests.test_lms_api.TestNotifications" name="test_get_unread_count" time="0.430" /><testcase classname="tests.test_lms_api.TestAnnouncements" name="test_get_announcements" time="0.094" /><testcase classname="tests.test_lms_api.TestAnnouncements" name="test_create_announcement_as_instructor" time="0.429" /></testsuite></testsuites>